#-----------------------------------------------------------
# Webtalk v2018.3 (64-bit)
# SW Build 2405991 on Thu Dec  6 23:38:27 MST 2018
# 
# Start of session at: Tue Apr 23 19:10:13 2024
# Process ID: 23804
# Current directory: C:/Users/gamin/VivadoWorkspace/FIR_with_Zybo/FiR_zynq7_PS_PL/FiR_zynq7_PS_PL.sdk/webtalk
# Command line: wbtcv.exe -mode batch -source sdk_webtalk.tcl
# Log file: C:/Users/gamin/VivadoWorkspace/FIR_with_Zybo/FiR_zynq7_PS_PL/FiR_zynq7_PS_PL.sdk/webtalk/webtalk.log
# Journal file: C:/Users/gamin/VivadoWorkspace/FIR_with_Zybo/FiR_zynq7_PS_PL/FiR_zynq7_PS_PL.sdk/webtalk\webtalk.jou
#-----------------------------------------------------------
source sdk_webtalk.tcl
# webtalk_init -webtalk_dir C:\\Users\\gamin\\VivadoWorkspace\\FIR_with_Zybo\\FiR_zynq7_PS_PL\\FiR_zynq7_PS_PL.sdk\\webtalk
# webtalk_register_client -client project
# webtalk_add_data -client project -key date_generated -value "2024-04-23 19:10:11" -context "software_version_and_target_device"
# webtalk_add_data -client project -key product_version -value "SDK v2018.3" -context "software_version_and_target_device"
# webtalk_add_data -client project -key build_version -value "2018.3" -context "software_version_and_target_device"
# webtalk_add_data -client project -key os_platform -value "amd64" -context "software_version_and_target_device"
# webtalk_add_data -client project -key registration_id -value "212912464_0_0_706" -context "software_version_and_target_device"
# webtalk_add_data -client project -key tool_flow -value "SDK" -context "software_version_and_target_device"
# webtalk_add_data -client project -key beta -value "false" -context "software_version_and_target_device"
# webtalk_add_data -client project -key route_design -value "NA" -context "software_version_and_target_device"
# webtalk_add_data -client project -key target_family -value "NA" -context "software_version_and_target_device"
# webtalk_add_data -client project -key target_device -value "NA" -context "software_version_and_target_device"
# webtalk_add_data -client project -key target_package -value "NA" -context "software_version_and_target_device"
# webtalk_add_data -client project -key target_speed -value "NA" -context "software_version_and_target_device"
# webtalk_add_data -client project -key random_id -value "8suomktf13jo5csu6l0ks5if8" -context "software_version_and_target_device"
# webtalk_add_data -client project -key project_id -value "2018.3_13" -context "software_version_and_target_device"
# webtalk_add_data -client project -key project_iteration -value "13" -context "software_version_and_target_device"
# webtalk_add_data -client project -key os_name -value "Microsoft Windows 8 or later , 64-bit" -context "user_environment"
# webtalk_add_data -client project -key os_release -value "major release  (build 9200)" -context "user_environment"
# webtalk_add_data -client project -key cpu_name -value "Intel(R) Core(TM) i7-9750H CPU @ 2.60GHz" -context "user_environment"
# webtalk_add_data -client project -key cpu_speed -value "2592 MHz" -context "user_environment"
# webtalk_add_data -client project -key total_processors -value "1" -context "user_environment"
# webtalk_add_data -client project -key system_ram -value "16.981 GB" -context "user_environment"
# webtalk_register_client -client sdk
# webtalk_add_data -client sdk -key uid -value "1713886977299" -context "sdk\\\\bsp/1713886977299"
# webtalk_add_data -client sdk -key hwid -value "1713801322668" -context "sdk\\\\bsp/1713886977299"
# webtalk_add_data -client sdk -key os -value "standalone" -context "sdk\\\\bsp/1713886977299"
# webtalk_add_data -client sdk -key apptemplate -value "hello_world" -context "sdk\\\\bsp/1713886977299"
# webtalk_add_data -client sdk -key RecordType -value "BSPCreation" -context "sdk\\\\bsp/1713886977299"
# webtalk_add_data -client sdk -key uid -value "1713886978814" -context "sdk\\\\application/1713886978814"
# webtalk_add_data -client sdk -key hwid -value "1713801322668" -context "sdk\\\\application/1713886978814"
# webtalk_add_data -client sdk -key bspid -value "1713886977299" -context "sdk\\\\application/1713886978814"
# webtalk_add_data -client sdk -key newbsp -value "true" -context "sdk\\\\application/1713886978814"
# webtalk_add_data -client sdk -key os -value "standalone" -context "sdk\\\\application/1713886978814"
# webtalk_add_data -client sdk -key apptemplate -value "hello_world" -context "sdk\\\\application/1713886978814"
# webtalk_add_data -client sdk -key RecordType -value "APPCreation" -context "sdk\\\\application/1713886978814"
# webtalk_add_data -client sdk -key LangUsed -value "C" -context "sdk\\\\application/1713886978814"
# webtalk_add_data -client sdk -key Procused -value "ps7_cortexa9" -context "sdk\\\\application/1713886978814"
# webtalk_add_data -client sdk -key projSize -value "216.8984375" -context "sdk\\\\application/1713886978814"
# webtalk_add_data -client sdk -key uid -value "NA" -context "sdk\\\\bsp/1713888611483"
# webtalk_add_data -client sdk -key RecordType -value "ToolUsage" -context "sdk\\\\bsp/1713888611483"
# webtalk_add_data -client sdk -key BootgenCount -value "0" -context "sdk\\\\bsp/1713888611483"
# webtalk_add_data -client sdk -key DebugCount -value "0" -context "sdk\\\\bsp/1713888611483"
# webtalk_add_data -client sdk -key PerfCount -value "0" -context "sdk\\\\bsp/1713888611483"
# webtalk_add_data -client sdk -key FlashCount -value "0" -context "sdk\\\\bsp/1713888611483"
# webtalk_add_data -client sdk -key CrossTriggCount -value "0" -context "sdk\\\\bsp/1713888611483"
# webtalk_add_data -client sdk -key QemuDebugCount -value "0" -context "sdk\\\\bsp/1713888611483"
# webtalk_transmit -clientid 1784626272 -regid "212912464_0_0_706" -xml C:\\Users\\gamin\\VivadoWorkspace\\FIR_with_Zybo\\FiR_zynq7_PS_PL\\FiR_zynq7_PS_PL.sdk\\webtalk\\usage_statistics_ext_sdk.xml -html C:\\Users\\gamin\\VivadoWorkspace\\FIR_with_Zybo\\FiR_zynq7_PS_PL\\FiR_zynq7_PS_PL.sdk\\webtalk\\usage_statistics_ext_sdk.html -wdm C:\\Users\\gamin\\VivadoWorkspace\\FIR_with_Zybo\\FiR_zynq7_PS_PL\\FiR_zynq7_PS_PL.sdk\\webtalk\\sdk_webtalk.wdm -intro "<H3>SDK Usage Report</H3><BR>"
# webtalk_terminate
INFO: [Common 17-206] Exiting Webtalk at Tue Apr 23 19:10:18 2024...
