Copyright 1986-2018 Xilinx, Inc. All Rights Reserved.
------------------------------------------------------------------------------------
| Tool Version : Vivado v.2018.3 (win64) Build 2405991 Thu Dec  6 23:38:27 MST 2018
| Date         : Fri May  3 17:27:43 2024
| Host         : DESKTOP-7A5ODGC running 64-bit major release  (build 9200)
| Command      : upgrade_ip
| Device       : xc7z010clg400-1
------------------------------------------------------------------------------------

Upgrade Log for IP 'zybo_design_1_fir_filter_ip_0_0'

1. Summary
----------

SUCCESS in the conversion of zybo_design_1_fir_filter_ip_0_0 (xilinx.com:user:fir_filter_ip:1.0 (Rev. 52)) to Vivado generation flows.






Copyright 1986-2018 Xilinx, Inc. All Rights Reserved.
------------------------------------------------------------------------------------
| Tool Version : Vivado v.2018.3 (win64) Build 2405991 Thu Dec  6 23:38:27 MST 2018
| Date         : Wed May  1 15:43:03 2024
| Host         : DESKTOP-7A5ODGC running 64-bit major release  (build 9200)
| Command      : upgrade_ip
| Device       : xc7z010clg400-1
------------------------------------------------------------------------------------

Upgrade Log for IP 'zybo_design_1_fir_filter_ip_0_0'

1. Summary
----------

SUCCESS in the upgrade of zybo_design_1_fir_filter_ip_0_0 (xilinx.com:user:fir_filter_ip:1.0) from (Rev. 51) to (Rev. 52)






Copyright 1986-2018 Xilinx, Inc. All Rights Reserved.
------------------------------------------------------------------------------------
| Tool Version : Vivado v.2018.3 (win64) Build 2405991 Thu Dec  6 23:38:27 MST 2018
| Date         : Sat Apr 27 19:26:24 2024
| Host         : DESKTOP-7A5ODGC running 64-bit major release  (build 9200)
| Command      : upgrade_ip
| Device       : xc7z010clg400-1
------------------------------------------------------------------------------------

Upgrade Log for IP 'zybo_design_1_fir_filter_ip_0_0'

1. Summary
----------

SUCCESS in the upgrade of zybo_design_1_fir_filter_ip_0_0 (xilinx.com:user:fir_filter_ip:1.0) from (Rev. 50) to (Rev. 51)






Copyright 1986-2018 Xilinx, Inc. All Rights Reserved.
------------------------------------------------------------------------------------
| Tool Version : Vivado v.2018.3 (win64) Build 2405991 Thu Dec  6 23:38:27 MST 2018
| Date         : Sat Apr 27 19:18:08 2024
| Host         : DESKTOP-7A5ODGC running 64-bit major release  (build 9200)
| Command      : upgrade_ip
| Device       : xc7z010clg400-1
------------------------------------------------------------------------------------

Upgrade Log for IP 'zybo_design_1_fir_filter_ip_0_0'

1. Summary
----------

SUCCESS in the upgrade of zybo_design_1_fir_filter_ip_0_0 (xilinx.com:user:fir_filter_ip:1.0) from (Rev. 49) to (Rev. 50)






Copyright 1986-2018 Xilinx, Inc. All Rights Reserved.
------------------------------------------------------------------------------------
| Tool Version : Vivado v.2018.3 (win64) Build 2405991 Thu Dec  6 23:38:27 MST 2018
| Date         : Sat Apr 27 19:17:58 2024
| Host         : DESKTOP-7A5ODGC running 64-bit major release  (build 9200)
| Command      : upgrade_ip
| Device       : xc7z010clg400-1
------------------------------------------------------------------------------------

Upgrade Log for IP 'zybo_design_1_fir_filter_ip_0_0'

1. Summary
----------

SUCCESS in the conversion of zybo_design_1_fir_filter_ip_0_0 (xilinx.com:user:fir_filter_ip:1.0 (Rev. 49)) to Vivado generation flows.






Copyright 1986-2018 Xilinx, Inc. All Rights Reserved.
------------------------------------------------------------------------------------
| Tool Version : Vivado v.2018.3 (win64) Build 2405991 Thu Dec  6 23:38:27 MST 2018
| Date         : Sat Apr 27 18:34:53 2024
| Host         : DESKTOP-7A5ODGC running 64-bit major release  (build 9200)
| Command      : upgrade_ip
| Device       : xc7z010clg400-1
------------------------------------------------------------------------------------

Upgrade Log for IP 'zybo_design_1_fir_filter_ip_0_0'

1. Summary
----------

SUCCESS in the upgrade of zybo_design_1_fir_filter_ip_0_0 (xilinx.com:user:fir_filter_ip:1.0) from (Rev. 48) to (Rev. 49)






Copyright 1986-2018 Xilinx, Inc. All Rights Reserved.
------------------------------------------------------------------------------------
| Tool Version : Vivado v.2018.3 (win64) Build 2405991 Thu Dec  6 23:38:27 MST 2018
| Date         : Sat Apr 27 18:23:56 2024
| Host         : DESKTOP-7A5ODGC running 64-bit major release  (build 9200)
| Command      : upgrade_ip
| Device       : xc7z010clg400-1
------------------------------------------------------------------------------------

Upgrade Log for IP 'zybo_design_1_fir_filter_ip_0_0'

1. Summary
----------

SUCCESS in the upgrade of zybo_design_1_fir_filter_ip_0_0 (xilinx.com:user:fir_filter_ip:1.0) from (Rev. 47) to (Rev. 48)






Copyright 1986-2018 Xilinx, Inc. All Rights Reserved.
------------------------------------------------------------------------------------
| Tool Version : Vivado v.2018.3 (win64) Build 2405991 Thu Dec  6 23:38:27 MST 2018
| Date         : Sat Apr 27 18:10:48 2024
| Host         : DESKTOP-7A5ODGC running 64-bit major release  (build 9200)
| Command      : upgrade_ip
| Device       : xc7z010clg400-1
------------------------------------------------------------------------------------

Upgrade Log for IP 'zybo_design_1_fir_filter_ip_0_0'

1. Summary
----------

SUCCESS in the upgrade of zybo_design_1_fir_filter_ip_0_0 (xilinx.com:user:fir_filter_ip:1.0) from (Rev. 46) to (Rev. 47)

